Connecting to database specified by database.yml
Connecting to database specified by database.yml
  [1m[36m (37.9ms)[0m  [1mCREATE TABLE `schema_migrations` (`version` varchar(255) NOT NULL) ENGINE=InnoDB[0m
  [1m[35m (27.2ms)[0m  CREATE UNIQUE INDEX `unique_schema_migrations` ON `schema_migrations` (`version`)
  [1m[36m (4.2ms)[0m  [1mSELECT `schema_migrations`.`version` FROM `schema_migrations` [0m
Connecting to database specified by database.yml
Connecting to database specified by database.yml
Connecting to database specified by database.yml
Connecting to database specified by database.yml
Connecting to database specified by database.yml
Connecting to database specified by database.yml
Connecting to database specified by database.yml
Connecting to database specified by database.yml


Started GET "/" for 38.110.19.83 at 2013-10-05 14:27:57 -0400
Processing by HomeController#index as HTML
Completed 401 Unauthorized in 6ms


Started GET "/users/sign_in" for 38.110.19.83 at 2013-10-05 14:27:58 -0400
Processing by Devise::SessionsController#new as HTML
Mysql2::Error: Table 'dev_cfdigest.users' doesn't exist: SHOW FULL FIELDS FROM `users`
Completed 500 Internal Server Error in 40ms

ActiveRecord::StatementInvalid (Mysql2::Error: Table 'dev_cfdigest.users' doesn't exist: SHOW FULL FIELDS FROM `users`):
  activerecord (3.2.13) lib/active_record/connection_adapters/abstract_mysql_adapter.rb:245:in `query'
  activerecord (3.2.13) lib/active_record/connection_adapters/abstract_mysql_adapter.rb:245:in `block in execute'
  activerecord (3.2.13) lib/active_record/connection_adapters/abstract_adapter.rb:280:in `block in log'
  activesupport (3.2.13) lib/active_support/notifications/instrumenter.rb:20:in `instrument'
  activerecord (3.2.13) lib/active_record/connection_adapters/abstract_adapter.rb:275:in `log'
  activerecord (3.2.13) lib/active_record/connection_adapters/abstract_mysql_adapter.rb:245:in `execute'
  activerecord (3.2.13) lib/active_record/connection_adapters/mysql2_adapter.rb:211:in `execute'
  activerecord (3.2.13) lib/active_record/connection_adapters/abstract_mysql_adapter.rb:259:in `execute_and_free'
  activerecord (3.2.13) lib/active_record/connection_adapters/abstract_mysql_adapter.rb:426:in `columns'
  activerecord (3.2.13) lib/active_record/connection_adapters/schema_cache.rb:12:in `block in initialize'
  activerecord (3.2.13) lib/active_record/model_schema.rb:228:in `yield'
  activerecord (3.2.13) lib/active_record/model_schema.rb:228:in `default'
  activerecord (3.2.13) lib/active_record/model_schema.rb:228:in `columns'
  activerecord (3.2.13) lib/active_record/model_schema.rb:243:in `column_defaults'
  activerecord (3.2.13) lib/active_record/base.rb:482:in `initialize'
  devise (3.1.1) app/controllers/devise/sessions_controller.rb:8:in `new'
  devise (3.1.1) app/controllers/devise/sessions_controller.rb:8:in `new'
  actionpack (3.2.13) lib/action_controller/metal/implicit_render.rb:4:in `send_action'
  actionpack (3.2.13) lib/abstract_controller/base.rb:167:in `process_action'
  actionpack (3.2.13) lib/action_controller/metal/rendering.rb:10:in `process_action'
  actionpack (3.2.13) lib/abstract_controller/callbacks.rb:18:in `block in process_action'
  activesupport (3.2.13) lib/active_support/callbacks.rb:458:in `_run__2906758010141713621__process_action__1808455094598572356__callbacks'
  activesupport (3.2.13) lib/active_support/callbacks.rb:405:in `__run_callback'
  activesupport (3.2.13) lib/active_support/callbacks.rb:385:in `_run_process_action_callbacks'
  activesupport (3.2.13) lib/active_support/callbacks.rb:81:in `run_callbacks'
  actionpack (3.2.13) lib/abstract_controller/callbacks.rb:17:in `process_action'
  actionpack (3.2.13) lib/action_controller/metal/rescue.rb:29:in `process_action'
  actionpack (3.2.13) lib/action_controller/metal/instrumentation.rb:30:in `block in process_action'
  activesupport (3.2.13) lib/active_support/notifications.rb:123:in `block in instrument'
  activesupport (3.2.13) lib/active_support/notifications/instrumenter.rb:20:in `instrument'
  activesupport (3.2.13) lib/active_support/notifications.rb:123:in `instrument'
  actionpack (3.2.13) lib/action_controller/metal/instrumentation.rb:29:in `process_action'
  actionpack (3.2.13) lib/action_controller/metal/params_wrapper.rb:207:in `process_action'
  activerecord (3.2.13) lib/active_record/railties/controller_runtime.rb:18:in `process_action'
  actionpack (3.2.13) lib/abstract_controller/base.rb:121:in `process'
  actionpack (3.2.13) lib/abstract_controller/rendering.rb:45:in `process'
  actionpack (3.2.13) lib/action_controller/metal.rb:203:in `dispatch'
  actionpack (3.2.13) lib/action_controller/metal/rack_delegation.rb:14:in `dispatch'
  actionpack (3.2.13) lib/action_controller/metal.rb:246:in `block in action'
  actionpack (3.2.13) lib/action_dispatch/routing/route_set.rb:73:in `call'
  actionpack (3.2.13) lib/action_dispatch/routing/route_set.rb:73:in `dispatch'
  actionpack (3.2.13) lib/action_dispatch/routing/route_set.rb:36:in `call'
  actionpack (3.2.13) lib/action_dispatch/routing/mapper.rb:42:in `call'
  journey (1.0.4) lib/journey/router.rb:68:in `block in call'
  journey (1.0.4) lib/journey/router.rb:56:in `each'
  journey (1.0.4) lib/journey/router.rb:56:in `call'
  actionpack (3.2.13) lib/action_dispatch/routing/route_set.rb:612:in `call'
  warden (1.2.3) lib/warden/manager.rb:35:in `block in call'
  warden (1.2.3) lib/warden/manager.rb:34:in `catch'
  warden (1.2.3) lib/warden/manager.rb:34:in `call'
  actionpack (3.2.13) lib/action_dispatch/middleware/best_standards_support.rb:17:in `call'
  rack (1.4.5) lib/rack/etag.rb:23:in `call'
  rack (1.4.5) lib/rack/conditionalget.rb:25:in `call'
  actionpack (3.2.13) lib/action_dispatch/middleware/head.rb:14:in `call'
  actionpack (3.2.13) lib/action_dispatch/middleware/params_parser.rb:21:in `call'
  actionpack (3.2.13) lib/action_dispatch/middleware/flash.rb:242:in `call'
  rack (1.4.5) lib/rack/session/abstract/id.rb:210:in `context'
  rack (1.4.5) lib/rack/session/abstract/id.rb:205:in `call'
  actionpack (3.2.13) lib/action_dispatch/middleware/cookies.rb:341:in `call'
  activerecord (3.2.13) lib/active_record/query_cache.rb:64:in `call'
  activerecord (3.2.13) lib/active_record/connection_adapters/abstract/connection_pool.rb:479:in `call'
  actionpack (3.2.13) lib/action_dispatch/middleware/callbacks.rb:28:in `block in call'
  activesupport (3.2.13) lib/active_support/callbacks.rb:405:in `_run__3053348507777110369__call__2995320719869302408__callbacks'
  activesupport (3.2.13) lib/active_support/callbacks.rb:405:in `__run_callback'
  activesupport (3.2.13) lib/active_support/callbacks.rb:385:in `_run_call_callbacks'
  activesupport (3.2.13) lib/active_support/callbacks.rb:81:in `run_callbacks'
  actionpack (3.2.13) lib/action_dispatch/middleware/callbacks.rb:27:in `call'
  actionpack (3.2.13) lib/action_dispatch/middleware/reloader.rb:65:in `call'
  actionpack (3.2.13) lib/action_dispatch/middleware/remote_ip.rb:31:in `call'
  actionpack (3.2.13) lib/action_dispatch/middleware/debug_exceptions.rb:16:in `call'
  actionpack (3.2.13) lib/action_dispatch/middleware/show_exceptions.rb:56:in `call'
  railties (3.2.13) lib/rails/rack/logger.rb:32:in `call_app'
  railties (3.2.13) lib/rails/rack/logger.rb:16:in `block in call'
  activesupport (3.2.13) lib/active_support/tagged_logging.rb:22:in `tagged'
  railties (3.2.13) lib/rails/rack/logger.rb:16:in `call'
  actionpack (3.2.13) lib/action_dispatch/middleware/request_id.rb:22:in `call'
  rack (1.4.5) lib/rack/methodoverride.rb:21:in `call'
  rack (1.4.5) lib/rack/runtime.rb:17:in `call'
  activesupport (3.2.13) lib/active_support/cache/strategy/local_cache.rb:72:in `call'
  rack (1.4.5) lib/rack/lock.rb:15:in `call'
  actionpack (3.2.13) lib/action_dispatch/middleware/static.rb:63:in `call'
  railties (3.2.13) lib/rails/engine.rb:479:in `call'
  railties (3.2.13) lib/rails/application.rb:223:in `call'
  rack (1.4.5) lib/rack/content_length.rb:14:in `call'
  railties (3.2.13) lib/rails/rack/log_tailer.rb:17:in `call'
  rack (1.4.5) lib/rack/handler/webrick.rb:59:in `service'
  /Users/kleon/.rvm/rubies/ruby-1.9.3-p429/lib/ruby/1.9.1/webrick/httpserver.rb:138:in `service'
  /Users/kleon/.rvm/rubies/ruby-1.9.3-p429/lib/ruby/1.9.1/webrick/httpserver.rb:94:in `run'
  /Users/kleon/.rvm/rubies/ruby-1.9.3-p429/lib/ruby/1.9.1/webrick/server.rb:191:in `block in start_thread'


  Rendered /Users/kleon/.rvm/gems/ruby-1.9.3-p429/gems/actionpack-3.2.13/lib/action_dispatch/middleware/templates/rescues/_trace.erb (0.9ms)
  Rendered /Users/kleon/.rvm/gems/ruby-1.9.3-p429/gems/actionpack-3.2.13/lib/action_dispatch/middleware/templates/rescues/_request_and_response.erb (0.8ms)
  Rendered /Users/kleon/.rvm/gems/ruby-1.9.3-p429/gems/actionpack-3.2.13/lib/action_dispatch/middleware/templates/rescues/diagnostics.erb within rescues/layout (8.8ms)
Connecting to database specified by database.yml
  [1m[36m (1.4ms)[0m  [1mSELECT `schema_migrations`.`version` FROM `schema_migrations` [0m
Migrating to DeviseCreateUsers (20131005182212)
  [1m[35m (31.4ms)[0m  CREATE TABLE `users` (`id` int(11) DEFAULT NULL auto_increment PRIMARY KEY, `email` varchar(255) DEFAULT '' NOT NULL, `encrypted_password` varchar(255) DEFAULT '' NOT NULL, `reset_password_token` varchar(255), `reset_password_sent_at` datetime, `remember_created_at` datetime, `sign_in_count` int(11) DEFAULT 0 NOT NULL, `current_sign_in_at` datetime, `last_sign_in_at` datetime, `current_sign_in_ip` varchar(255), `last_sign_in_ip` varchar(255), `created_at` datetime NOT NULL, `updated_at` datetime NOT NULL) ENGINE=InnoDB
  [1m[36m (20.9ms)[0m  [1mCREATE UNIQUE INDEX `index_users_on_email` ON `users` (`email`)[0m
  [1m[35m (27.5ms)[0m  CREATE UNIQUE INDEX `index_users_on_reset_password_token` ON `users` (`reset_password_token`)
  [1m[36m (1.8ms)[0m  [1mINSERT INTO `schema_migrations` (`version`) VALUES ('20131005182212')[0m
  [1m[35m (0.2ms)[0m  SELECT `schema_migrations`.`version` FROM `schema_migrations` 
Connecting to database specified by database.yml


Started GET "/" for 38.110.19.83 at 2013-10-05 14:28:28 -0400
Processing by HomeController#index as HTML
Completed 401 Unauthorized in 5ms


Started GET "/users/sign_in" for 38.110.19.83 at 2013-10-05 14:28:28 -0400
Processing by Devise::SessionsController#new as HTML
  Rendered devise/shared/_links.erb (1.3ms)
  Rendered devise/sessions/new.html.erb within layouts/application (10.1ms)
Compiled home.css  (11ms)  (pid 67664)
Compiled application.css  (17ms)  (pid 67664)
Compiled jquery.js  (1ms)  (pid 67664)
Compiled jquery_ujs.js  (0ms)  (pid 67664)
Compiled home.js  (0ms)  (pid 67664)
Compiled application.js  (53ms)  (pid 67664)
Completed 200 OK in 180ms (Views: 136.3ms | ActiveRecord: 1.8ms)


Started GET "/assets/home.css?body=1" for 38.110.19.83 at 2013-10-05 14:28:28 -0400
Served asset /home.css - 200 OK (3ms)


Started GET "/assets/jquery_ujs.js?body=1" for 38.110.19.83 at 2013-10-05 14:28:28 -0400
Served asset /jquery_ujs.js - 200 OK (1ms)


Started GET "/assets/application.css?body=1" for 38.110.19.83 at 2013-10-05 14:28:28 -0400
Served asset /application.css - 200 OK (1ms)


Started GET "/assets/jquery.js?body=1" for 38.110.19.83 at 2013-10-05 14:28:28 -0400
Served asset /jquery.js - 200 OK (1ms)


Started GET "/assets/home.js?body=1" for 38.110.19.83 at 2013-10-05 14:28:28 -0400
Served asset /home.js - 200 OK (1ms)


Started GET "/assets/application.js?body=1" for 38.110.19.83 at 2013-10-05 14:28:28 -0400
Served asset /application.js - 200 OK (4ms)


Started GET "/users/sign_up" for 38.110.19.83 at 2013-10-05 14:28:34 -0400
Processing by Devise::RegistrationsController#new as HTML
  Rendered devise/shared/_links.erb (0.2ms)
  Rendered devise/registrations/new.html.erb within layouts/application (3.0ms)
Completed 200 OK in 12ms (Views: 10.4ms | ActiveRecord: 0.0ms)


Started GET "/users/sign_in" for 38.110.19.83 at 2013-10-05 14:28:36 -0400
Processing by Devise::SessionsController#new as HTML
  Rendered devise/shared/_links.erb (0.4ms)
  Rendered devise/sessions/new.html.erb within layouts/application (2.7ms)
Completed 200 OK in 10ms (Views: 9.7ms | ActiveRecord: 0.0ms)


Started GET "/users/password/new" for 38.110.19.83 at 2013-10-05 14:28:37 -0400
Processing by Devise::PasswordsController#new as HTML
  Rendered devise/shared/_links.erb (0.4ms)
  Rendered devise/passwords/new.html.erb within layouts/application (4.1ms)
Completed 200 OK in 40ms (Views: 39.0ms | ActiveRecord: 0.0ms)


Started GET "/users/sign_up" for 38.110.19.83 at 2013-10-05 14:30:00 -0400
Processing by Devise::RegistrationsController#new as HTML
  Rendered devise/shared/_links.erb (0.3ms)
  Rendered devise/registrations/new.html.erb within layouts/application (2.8ms)
Completed 200 OK in 11ms (Views: 10.1ms | ActiveRecord: 0.0ms)


Started GET "/assets/home.css?body=1" for 38.110.19.83 at 2013-10-05 14:30:00 -0400
Served asset /home.css - 304 Not Modified (0ms)


Started GET "/assets/home.js?body=1" for 38.110.19.83 at 2013-10-05 14:30:00 -0400
Served asset /home.js - 304 Not Modified (0ms)


Started GET "/users/sign_up" for 38.110.19.83 at 2013-10-05 14:30:53 -0400
Processing by Devise::RegistrationsController#new as HTML
  Rendered devise/shared/_links.erb (0.2ms)
  Rendered devise/registrations/new.html.erb within layouts/application (2.4ms)
Completed 200 OK in 31ms (Views: 8.1ms | ActiveRecord: 8.1ms)


Started GET "/assets/application.css?body=1" for 38.110.19.83 at 2013-10-05 14:30:53 -0400
Served asset /application.css - 304 Not Modified (0ms)


Started GET "/assets/home.css?body=1" for 38.110.19.83 at 2013-10-05 14:30:53 -0400
Served asset /home.css - 304 Not Modified (0ms)


Started GET "/assets/jquery.js?body=1" for 38.110.19.83 at 2013-10-05 14:30:53 -0400
Served asset /jquery.js - 304 Not Modified (0ms)


Started GET "/assets/jquery_ujs.js?body=1" for 38.110.19.83 at 2013-10-05 14:30:53 -0400
Served asset /jquery_ujs.js - 304 Not Modified (0ms)


Started GET "/assets/home.js?body=1" for 38.110.19.83 at 2013-10-05 14:30:53 -0400
Served asset /home.js - 304 Not Modified (0ms)


Started GET "/assets/application.js?body=1" for 38.110.19.83 at 2013-10-05 14:30:53 -0400
Served asset /application.js - 304 Not Modified (0ms)


Started GET "/" for 38.110.19.83 at 2013-10-05 14:30:56 -0400
Processing by HomeController#index as HTML
  Rendered home/index.html.erb within layouts/application (0.3ms)
Completed 200 OK in 33ms (Views: 32.6ms | ActiveRecord: 0.0ms)


Started GET "/assets/home.css?body=1" for 38.110.19.83 at 2013-10-05 14:30:56 -0400
Served asset /home.css - 304 Not Modified (0ms)


Started GET "/assets/jquery.js?body=1" for 38.110.19.83 at 2013-10-05 14:30:56 -0400
Served asset /jquery.js - 304 Not Modified (0ms)


Started GET "/assets/application.css?body=1" for 38.110.19.83 at 2013-10-05 14:30:56 -0400
Served asset /application.css - 304 Not Modified (0ms)


Started GET "/assets/application.js?body=1" for 38.110.19.83 at 2013-10-05 14:30:56 -0400
Served asset /application.js - 304 Not Modified (0ms)


Started GET "/assets/home.js?body=1" for 38.110.19.83 at 2013-10-05 14:30:56 -0400
Served asset /home.js - 304 Not Modified (0ms)


Started GET "/assets/jquery_ujs.js?body=1" for 38.110.19.83 at 2013-10-05 14:30:56 -0400
Served asset /jquery_ujs.js - 304 Not Modified (0ms)


Started GET "/" for 38.110.19.83 at 2013-10-05 14:30:58 -0400
Processing by HomeController#index as HTML
  Rendered home/index.html.erb within layouts/application (0.0ms)
Completed 200 OK in 6ms (Views: 5.7ms | ActiveRecord: 0.0ms)


Started GET "/assets/jquery_ujs.js?body=1" for 38.110.19.83 at 2013-10-05 14:30:58 -0400
Served asset /jquery_ujs.js - 304 Not Modified (0ms)


Started GET "/assets/application.css?body=1" for 38.110.19.83 at 2013-10-05 14:30:58 -0400
Served asset /application.css - 304 Not Modified (0ms)


Started GET "/assets/home.css?body=1" for 38.110.19.83 at 2013-10-05 14:30:58 -0400
Served asset /home.css - 304 Not Modified (0ms)


Started GET "/assets/jquery.js?body=1" for 38.110.19.83 at 2013-10-05 14:30:58 -0400
Served asset /jquery.js - 304 Not Modified (0ms)


Started GET "/assets/application.js?body=1" for 38.110.19.83 at 2013-10-05 14:30:58 -0400
Served asset /application.js - 304 Not Modified (0ms)


Started GET "/assets/home.js?body=1" for 38.110.19.83 at 2013-10-05 14:30:58 -0400
Served asset /home.js - 304 Not Modified (0ms)
Connecting to database specified by database.yml
